[INFO ] 25-06-2023 21:09:59 [main] LogUtils - Start auto test
[INFO ] 25-06-2023 21:10:04 [main] LogUtils - Open URL: https://sma.tecdiary.net/admin/login
[INFO ] 25-06-2023 21:10:05 [main] LogUtils - This test case succeed: TC_01
[INFO ] 25-06-2023 21:10:13 [main] LogUtils - Open URL: https://sma.tecdiary.net/admin/login
[INFO ] 25-06-2023 21:10:16 [main] LogUtils - This test case succeed: TC_02
[INFO ] 25-06-2023 21:10:25 [main] LogUtils - Open URL: https://sma.tecdiary.net/admin/login
[INFO ] 25-06-2023 21:10:31 [main] LogUtils - This test case succeed: TC_03
[INFO ] 25-06-2023 21:10:39 [main] LogUtils - Open URL: https://sma.tecdiary.net/admin/login
[INFO ] 25-06-2023 21:10:56 [main] LogUtils - This test case succeed: TC_04
[INFO ] 25-06-2023 21:11:03 [main] LogUtils - Open URL: https://sma.tecdiary.net/admin/login
[ERROR] 25-06-2023 21:11:32 [main] LogUtils - This test case failed: TC_05
[INFO ] 25-06-2023 21:11:40 [main] LogUtils - Open URL: https://sma.tecdiary.net/admin/login
[INFO ] 25-06-2023 21:11:45 [main] LogUtils - This test case succeed: TC_06
[INFO ] 25-06-2023 21:11:52 [main] LogUtils - Open URL: https://sma.tecdiary.net/admin/login
[INFO ] 25-06-2023 21:12:04 [main] LogUtils - This test case succeed: TC_07
[INFO ] 25-06-2023 21:12:11 [main] LogUtils - Open URL: https://sma.tecdiary.net/admin/login
[INFO ] 25-06-2023 21:12:29 [main] LogUtils - This test case succeed: TC_08
[INFO ] 25-06-2023 21:12:36 [main] LogUtils - Open URL: https://sma.tecdiary.net/admin/login
[INFO ] 25-06-2023 21:12:47 [main] LogUtils - This test case succeed: TC_09
[INFO ] 25-06-2023 21:12:54 [main] LogUtils - Open URL: https://sma.tecdiary.net/admin/login
[INFO ] 25-06-2023 21:13:10 [main] LogUtils - This test case succeed: TC_10
[INFO ] 25-06-2023 21:13:13 [main] LogUtils - End testing Task4
