[INFO] 03-07-2023 08:10:52 [main] [LogUtils] - Start auto test
[INFO] 03-07-2023 08:10:57 [main] [LogUtils] - Open URL: https://admin-demo.nopcommerce.com/login
[INFO] 03-07-2023 08:11:04 [main] [LogUtils] - This test case succeed: TC_024
[INFO] 03-07-2023 08:11:08 [main] [LogUtils] - End testing Task7
[INFO] 03-07-2023 08:12:56 [main] [LogUtils] - Start auto test
[INFO] 03-07-2023 08:13:02 [main] [LogUtils] - Open URL: https://admin-demo.nopcommerce.com/login
[ERROR] 03-07-2023 08:13:09 [main] [LogUtils] - This test case failed: TC_025
[INFO] 03-07-2023 08:13:13 [main] [LogUtils] - End testing Task7
[INFO] 03-07-2023 08:15:39 [main] [LogUtils] - Start auto test
[INFO] 03-07-2023 08:15:45 [main] [LogUtils] - Open URL: https://admin-demo.nopcommerce.com/login
[INFO] 03-07-2023 08:15:52 [main] [LogUtils] - This test case succeed: TC_025
[INFO] 03-07-2023 08:15:56 [main] [LogUtils] - End testing Task7
[INFO] 03-07-2023 08:16:48 [main] [LogUtils] - Start auto test
[INFO] 03-07-2023 08:16:54 [main] [LogUtils] - Open URL: https://admin-demo.nopcommerce.com/login
[INFO] 03-07-2023 08:17:00 [main] [LogUtils] - This test case succeed: TC_026
[INFO] 03-07-2023 08:17:04 [main] [LogUtils] - End testing Task7
[INFO] 03-07-2023 08:25:39 [main] [LogUtils] - Start auto test
[INFO] 03-07-2023 08:25:45 [main] [LogUtils] - Open URL: https://admin-demo.nopcommerce.com/login
[ERROR] 03-07-2023 08:25:52 [main] [LogUtils] - This test case failed: TC_027
[INFO] 03-07-2023 08:25:55 [main] [LogUtils] - End testing Task7
[INFO] 03-07-2023 08:31:27 [main] [LogUtils] - Start auto test
[INFO] 03-07-2023 08:31:33 [main] [LogUtils] - Open URL: https://admin-demo.nopcommerce.com/login
[INFO] 03-07-2023 08:31:40 [main] [LogUtils] - This test case succeed: TC_027
[INFO] 03-07-2023 08:31:43 [main] [LogUtils] - End testing Task7
[INFO] 03-07-2023 08:33:53 [main] [LogUtils] - Start auto test
[INFO] 03-07-2023 08:33:59 [main] [LogUtils] - Open URL: https://admin-demo.nopcommerce.com/login
[INFO] 03-07-2023 08:34:06 [main] [LogUtils] - This test case succeed: TC_028
[INFO] 03-07-2023 08:34:10 [main] [LogUtils] - End testing Task7
[INFO] 03-07-2023 09:06:32 [main] [LogUtils] - Open URL: https://admin-demo.nopcommerce.com/login
[INFO] 03-07-2023 09:07:11 [main] [LogUtils] - Open URL: https://admin-demo.nopcommerce.com/login
[INFO] 03-07-2023 09:08:36 [main] [LogUtils] - Open URL: https://admin-demo.nopcommerce.com/login
[INFO] 03-07-2023 09:27:39 [main] [LogUtils] - Open URL: https://admin-demo.nopcommerce.com/login
[INFO] 03-07-2023 09:28:09 [main] [LogUtils] - Open URL: https://admin-demo.nopcommerce.com/login
[INFO] 03-07-2023 14:38:12 [main] [LogUtils] - Start auto test
[INFO] 03-07-2023 14:38:19 [main] [LogUtils] - Open URL: https://admin-demo.nopcommerce.com/login
[ERROR] 03-07-2023 14:38:27 [main] [LogUtils] - This test case failed: TC_028
[INFO] 03-07-2023 14:38:31 [main] [LogUtils] - End testing Task7
[INFO] 03-07-2023 14:43:11 [main] [LogUtils] - Start auto test
[INFO] 03-07-2023 14:43:17 [main] [LogUtils] - Open URL: https://admin-demo.nopcommerce.com/login
[INFO] 03-07-2023 14:43:25 [main] [LogUtils] - This test case succeed: TC_028
[INFO] 03-07-2023 14:43:29 [main] [LogUtils] - End testing Task7
[INFO] 03-07-2023 14:57:46 [main] [LogUtils] - Start auto test
[INFO] 03-07-2023 14:57:51 [main] [LogUtils] - Open URL: https://admin-demo.nopcommerce.com/login
[ERROR] 03-07-2023 14:58:00 [main] [LogUtils] - This test case failed: TC_028
[INFO] 03-07-2023 14:58:04 [main] [LogUtils] - End testing Task7
[INFO] 03-07-2023 14:58:34 [main] [LogUtils] - Start auto test
[INFO] 03-07-2023 14:58:40 [main] [LogUtils] - Open URL: https://admin-demo.nopcommerce.com/login
[ERROR] 03-07-2023 14:58:49 [main] [LogUtils] - This test case failed: TC_028
[INFO] 03-07-2023 14:58:53 [main] [LogUtils] - End testing Task7
[INFO] 03-07-2023 15:00:27 [main] [LogUtils] - Start auto test
[INFO] 03-07-2023 15:00:32 [main] [LogUtils] - Open URL: https://admin-demo.nopcommerce.com/login
[ERROR] 03-07-2023 15:00:43 [main] [LogUtils] - This test case failed: TC_028
[INFO] 03-07-2023 15:00:47 [main] [LogUtils] - End testing Task7
[INFO] 03-07-2023 15:11:55 [main] [LogUtils] - Start auto test
[INFO] 03-07-2023 15:12:01 [main] [LogUtils] - Open URL: https://admin-demo.nopcommerce.com/login
[INFO] 03-07-2023 15:12:10 [main] [LogUtils] - This test case succeed: TC_028
[INFO] 03-07-2023 15:12:14 [main] [LogUtils] - End testing Task7
[INFO] 03-07-2023 15:17:24 [main] [LogUtils] - Start auto test
[INFO] 03-07-2023 15:17:31 [main] [LogUtils] - Open URL: https://admin-demo.nopcommerce.com/login
[INFO] 03-07-2023 15:17:40 [main] [LogUtils] - This test case succeed: TC_028
[INFO] 03-07-2023 15:17:44 [main] [LogUtils] - End testing Task7
[INFO] 03-07-2023 19:18:10 [main] [LogUtils] - Start auto test
[INFO] 03-07-2023 19:18:14 [main] [LogUtils] - Open URL: https://admin-demo.nopcommerce.com/login
[ERROR] 03-07-2023 19:18:24 [main] [LogUtils] - This test case failed: TC_024
[INFO] 03-07-2023 19:18:28 [main] [LogUtils] - End testing Task7
[INFO] 03-07-2023 19:20:30 [main] [LogUtils] - Start auto test
[INFO] 03-07-2023 19:20:33 [main] [LogUtils] - Open URL: https://admin-demo.nopcommerce.com/login
[ERROR] 03-07-2023 19:20:41 [main] [LogUtils] - This test case failed: TC_024
[INFO] 03-07-2023 19:20:45 [main] [LogUtils] - End testing Task7
[INFO] 03-07-2023 19:24:04 [main] [LogUtils] - Start auto test
[INFO] 03-07-2023 19:24:07 [main] [LogUtils] - Open URL: https://admin-demo.nopcommerce.com/login
[ERROR] 03-07-2023 19:24:16 [main] [LogUtils] - This test case failed: TC_024
[INFO] 03-07-2023 19:24:20 [main] [LogUtils] - End testing Task7
[INFO] 03-07-2023 19:27:15 [main] [LogUtils] - Start auto test
[INFO] 03-07-2023 19:27:18 [main] [LogUtils] - Open URL: https://admin-demo.nopcommerce.com/login
[ERROR] 03-07-2023 19:27:27 [main] [LogUtils] - This test case failed: TC_024
[INFO] 03-07-2023 19:27:32 [main] [LogUtils] - End testing Task7
[INFO] 03-07-2023 19:29:24 [main] [LogUtils] - Start auto test
[INFO] 03-07-2023 19:29:27 [main] [LogUtils] - Open URL: https://admin-demo.nopcommerce.com/login
[ERROR] 03-07-2023 19:29:38 [main] [LogUtils] - This test case failed: TC_024
[INFO] 03-07-2023 19:29:42 [main] [LogUtils] - End testing Task7
[INFO] 03-07-2023 19:30:21 [main] [LogUtils] - Start auto test
[INFO] 03-07-2023 19:30:24 [main] [LogUtils] - Open URL: https://admin-demo.nopcommerce.com/login
[ERROR] 03-07-2023 19:30:33 [main] [LogUtils] - This test case failed: TC_024
[INFO] 03-07-2023 19:30:37 [main] [LogUtils] - End testing Task7
[INFO] 03-07-2023 19:31:05 [main] [LogUtils] - Start auto test
[INFO] 03-07-2023 19:31:08 [main] [LogUtils] - Open URL: https://admin-demo.nopcommerce.com/login
[ERROR] 03-07-2023 19:31:18 [main] [LogUtils] - This test case failed: TC_024
[INFO] 03-07-2023 19:31:22 [main] [LogUtils] - End testing Task7
[INFO] 03-07-2023 19:37:01 [main] [LogUtils] - Start auto test
[INFO] 03-07-2023 19:37:04 [main] [LogUtils] - Open URL: https://admin-demo.nopcommerce.com/login
[ERROR] 03-07-2023 19:37:14 [main] [LogUtils] - This test case failed: TC_024
[INFO] 03-07-2023 19:37:18 [main] [LogUtils] - End testing Task7
[INFO] 03-07-2023 19:39:23 [main] [LogUtils] - Start auto test
[INFO] 03-07-2023 19:39:27 [main] [LogUtils] - Open URL: https://admin-demo.nopcommerce.com/login
[INFO] 03-07-2023 19:39:36 [main] [LogUtils] - This test case succeed: TC_024
[INFO] 03-07-2023 19:39:40 [main] [LogUtils] - End testing Task7
[INFO] 03-07-2023 19:59:38 [main] [LogUtils] - Start auto test
[INFO] 03-07-2023 19:59:42 [main] [LogUtils] - Open URL: https://admin-demo.nopcommerce.com/login
[INFO] 03-07-2023 19:59:51 [main] [LogUtils] - This test case succeed: TC_024
[INFO] 03-07-2023 19:59:55 [main] [LogUtils] - End testing Task7
[INFO] 03-07-2023 20:00:15 [main] [LogUtils] - Start auto test
[INFO] 03-07-2023 20:00:18 [main] [LogUtils] - Open URL: https://admin-demo.nopcommerce.com/login
[INFO] 03-07-2023 20:00:27 [main] [LogUtils] - This test case succeed: TC_024
[INFO] 03-07-2023 20:00:30 [main] [LogUtils] - End testing Task7
[INFO] 03-07-2023 20:02:28 [main] [LogUtils] - Open URL: https://admin-demo.nopcommerce.com/login
[INFO] 03-07-2023 20:02:58 [main] [LogUtils] - Start auto test
[INFO] 03-07-2023 20:03:01 [main] [LogUtils] - Open URL: https://admin-demo.nopcommerce.com/login
[INFO] 03-07-2023 20:03:11 [main] [LogUtils] - This test case succeed: TC_024
[INFO] 03-07-2023 20:03:15 [main] [LogUtils] - End testing Task7
[INFO] 03-07-2023 20:04:44 [main] [LogUtils] - Start auto test
[INFO] 03-07-2023 20:04:47 [main] [LogUtils] - Open URL: https://admin-demo.nopcommerce.com/login
[ERROR] 03-07-2023 20:04:59 [main] [LogUtils] - This test case failed: TC_025
[INFO] 03-07-2023 20:05:03 [main] [LogUtils] - End testing Task7
[INFO] 03-07-2023 20:05:39 [main] [LogUtils] - Start auto test
[INFO] 03-07-2023 20:05:42 [main] [LogUtils] - Open URL: https://admin-demo.nopcommerce.com/login
[INFO] 03-07-2023 20:05:53 [main] [LogUtils] - This test case succeed: TC_028
[INFO] 03-07-2023 20:05:57 [main] [LogUtils] - End testing Task7
[INFO] 03-07-2023 20:06:11 [main] [LogUtils] - Start auto test
[INFO] 03-07-2023 20:06:14 [main] [LogUtils] - Open URL: https://admin-demo.nopcommerce.com/login
[INFO] 03-07-2023 20:06:25 [main] [LogUtils] - This test case succeed: TC_026
[INFO] 03-07-2023 20:06:28 [main] [LogUtils] - End testing Task7
[INFO] 03-07-2023 20:06:40 [main] [LogUtils] - Start auto test
[INFO] 03-07-2023 20:06:44 [main] [LogUtils] - Open URL: https://admin-demo.nopcommerce.com/login
[INFO] 03-07-2023 20:06:56 [main] [LogUtils] - This test case succeed: TC_025
[INFO] 03-07-2023 20:07:00 [main] [LogUtils] - End testing Task7
[INFO] 03-07-2023 20:11:52 [main] [LogUtils] - Start auto test
[INFO] 03-07-2023 20:11:55 [main] [LogUtils] - Open URL: https://admin-demo.nopcommerce.com/login
[ERROR] 03-07-2023 20:12:05 [main] [LogUtils] - This test case failed: TC_026
[INFO] 03-07-2023 20:12:09 [main] [LogUtils] - End testing Task7
[INFO] 03-07-2023 20:13:23 [main] [LogUtils] - Start auto test
[INFO] 03-07-2023 20:13:26 [main] [LogUtils] - Open URL: https://admin-demo.nopcommerce.com/login
[ERROR] 03-07-2023 20:13:37 [main] [LogUtils] - This test case failed: TC_026
[INFO] 03-07-2023 20:13:41 [main] [LogUtils] - End testing Task7
[INFO] 03-07-2023 20:14:19 [main] [LogUtils] - Start auto test
[INFO] 03-07-2023 20:14:22 [main] [LogUtils] - Open URL: https://admin-demo.nopcommerce.com/login
[ERROR] 03-07-2023 20:14:33 [main] [LogUtils] - This test case failed: TC_026
[INFO] 03-07-2023 20:14:37 [main] [LogUtils] - End testing Task7
[INFO] 03-07-2023 20:15:08 [main] [LogUtils] - Start auto test
[INFO] 03-07-2023 20:15:11 [main] [LogUtils] - Open URL: https://admin-demo.nopcommerce.com/login
[ERROR] 03-07-2023 20:15:22 [main] [LogUtils] - This test case failed: TC_026
[INFO] 03-07-2023 20:15:25 [main] [LogUtils] - End testing Task7
[INFO] 03-07-2023 20:19:20 [main] [LogUtils] - Start auto test
[INFO] 03-07-2023 20:19:23 [main] [LogUtils] - Open URL: https://admin-demo.nopcommerce.com/login
[INFO] 03-07-2023 20:19:34 [main] [LogUtils] - This test case succeed: TC_026
[INFO] 03-07-2023 20:19:37 [main] [LogUtils] - End testing Task7
[INFO] 03-07-2023 20:20:15 [main] [LogUtils] - Start auto test
[INFO] 03-07-2023 20:20:18 [main] [LogUtils] - Open URL: https://admin-demo.nopcommerce.com/login
[INFO] 03-07-2023 20:20:28 [main] [LogUtils] - This test case succeed: TC_026
[INFO] 03-07-2023 20:20:31 [main] [LogUtils] - End testing Task7
[INFO] 03-07-2023 20:21:08 [main] [LogUtils] - Start auto test
[INFO] 03-07-2023 20:21:11 [main] [LogUtils] - Open URL: https://admin-demo.nopcommerce.com/login
[INFO] 03-07-2023 20:21:22 [main] [LogUtils] - This test case succeed: TC_026
[INFO] 03-07-2023 20:21:25 [main] [LogUtils] - End testing Task7
[INFO] 03-07-2023 20:25:09 [main] [LogUtils] - Start auto test
[INFO] 03-07-2023 20:25:12 [main] [LogUtils] - Open URL: https://admin-demo.nopcommerce.com/login
[ERROR] 03-07-2023 20:25:21 [main] [LogUtils] - This test case failed: TC_027
[INFO] 03-07-2023 20:25:26 [main] [LogUtils] - End testing Task7
[INFO] 03-07-2023 20:30:43 [main] [LogUtils] - Start auto test
[INFO] 03-07-2023 20:30:47 [main] [LogUtils] - Open URL: https://admin-demo.nopcommerce.com/login
[INFO] 03-07-2023 20:30:55 [main] [LogUtils] - This test case succeed: TC_027
[INFO] 03-07-2023 20:30:59 [main] [LogUtils] - End testing Task7
[INFO] 03-07-2023 20:31:48 [main] [LogUtils] - Start auto test
[INFO] 03-07-2023 20:31:51 [main] [LogUtils] - Open URL: https://admin-demo.nopcommerce.com/login
[ERROR] 03-07-2023 20:31:59 [main] [LogUtils] - This test case failed: TC_016
[INFO] 03-07-2023 20:32:03 [main] [LogUtils] - End testing Task7
[INFO] 03-07-2023 20:33:10 [main] [LogUtils] - Start auto test
[INFO] 03-07-2023 20:33:13 [main] [LogUtils] - Open URL: https://admin-demo.nopcommerce.com/login
[INFO] 03-07-2023 20:33:20 [main] [LogUtils] - This test case succeed: TC_016
[INFO] 03-07-2023 20:33:25 [main] [LogUtils] - End testing Task7
[INFO] 03-07-2023 20:38:04 [main] [LogUtils] - Start auto test
[INFO] 03-07-2023 20:38:07 [main] [LogUtils] - Open URL: https://admin-demo.nopcommerce.com/login
[ERROR] 03-07-2023 20:38:15 [main] [LogUtils] - This test case failed: TC_020
[INFO] 03-07-2023 20:38:19 [main] [LogUtils] - End testing Task7
[INFO] 03-07-2023 20:49:06 [main] [LogUtils] - Start auto test
[INFO] 03-07-2023 20:49:09 [main] [LogUtils] - Open URL: https://admin-demo.nopcommerce.com/login
[INFO] 03-07-2023 20:49:19 [main] [LogUtils] - This test case succeed: TC_020
[INFO] 03-07-2023 20:49:23 [main] [LogUtils] - End testing Task7
[INFO] 03-07-2023 20:57:34 [main] [LogUtils] - Start auto test
[INFO] 03-07-2023 20:57:37 [main] [LogUtils] - Open URL: https://admin-demo.nopcommerce.com/login
[INFO] 03-07-2023 20:57:46 [main] [LogUtils] - This test case succeed: TC_020
[INFO] 03-07-2023 20:57:50 [main] [LogUtils] - End testing Task7
[INFO] 03-07-2023 20:58:23 [main] [LogUtils] - Start auto test
[INFO] 03-07-2023 20:58:25 [main] [LogUtils] - Open URL: https://admin-demo.nopcommerce.com/login
[INFO] 03-07-2023 20:58:34 [main] [LogUtils] - This test case succeed: TC_019
[INFO] 03-07-2023 20:58:38 [main] [LogUtils] - End testing Task7
[INFO] 03-07-2023 21:03:11 [main] [LogUtils] - Start auto test
[INFO] 03-07-2023 21:03:14 [main] [LogUtils] - Open URL: https://admin-demo.nopcommerce.com/login
[ERROR] 03-07-2023 21:03:23 [main] [LogUtils] - This test case failed: TC_023
[INFO] 03-07-2023 21:03:29 [main] [LogUtils] - Open URL: https://admin-demo.nopcommerce.com/login
[INFO] 03-07-2023 21:03:38 [main] [LogUtils] - This test case succeed: TC_024
[INFO] 03-07-2023 21:03:44 [main] [LogUtils] - Open URL: https://admin-demo.nopcommerce.com/login
[INFO] 03-07-2023 21:03:55 [main] [LogUtils] - This test case succeed: TC_025
[INFO] 03-07-2023 21:04:01 [main] [LogUtils] - Open URL: https://admin-demo.nopcommerce.com/login
[INFO] 03-07-2023 21:04:10 [main] [LogUtils] - This test case succeed: TC_026
[INFO] 03-07-2023 21:04:15 [main] [LogUtils] - Open URL: https://admin-demo.nopcommerce.com/login
[INFO] 03-07-2023 21:04:24 [main] [LogUtils] - This test case succeed: TC_027
[INFO] 03-07-2023 21:04:30 [main] [LogUtils] - Open URL: https://admin-demo.nopcommerce.com/login
[INFO] 03-07-2023 21:04:40 [main] [LogUtils] - This test case succeed: TC_028
[INFO] 03-07-2023 21:04:43 [main] [LogUtils] - End testing Task7
[INFO] 03-07-2023 21:05:29 [main] [LogUtils] - Start auto test
[INFO] 03-07-2023 21:05:33 [main] [LogUtils] - Open URL: https://admin-demo.nopcommerce.com/login
[INFO] 03-07-2023 21:05:43 [main] [LogUtils] - This test case succeed: TC_023
[INFO] 03-07-2023 21:05:49 [main] [LogUtils] - Open URL: https://admin-demo.nopcommerce.com/login
[INFO] 03-07-2023 21:08:36 [main] [LogUtils] - Start auto test
[INFO] 03-07-2023 21:08:38 [main] [LogUtils] - Open URL: https://admin-demo.nopcommerce.com/login
[INFO] 03-07-2023 21:08:46 [main] [LogUtils] - This test case succeed: TC_001
[INFO] 03-07-2023 21:08:50 [main] [LogUtils] - End testing Task7
[INFO] 03-07-2023 21:26:09 [main] [LogUtils] - Start auto test
[INFO] 03-07-2023 21:26:13 [main] [LogUtils] - Open URL: https://admin-demo.nopcommerce.com/login
[INFO] 03-07-2023 21:26:24 [main] [LogUtils] - This test case succeed: TC_001
[INFO] 03-07-2023 21:26:28 [main] [LogUtils] - End testing Task7
[INFO] 03-07-2023 21:27:26 [main] [LogUtils] - Start auto test
[INFO] 03-07-2023 21:27:29 [main] [LogUtils] - Open URL: https://admin-demo.nopcommerce.com/login
[ERROR] 03-07-2023 21:27:38 [main] [LogUtils] - This test case failed: TC_001
[INFO] 03-07-2023 21:27:42 [main] [LogUtils] - End testing Task7
[INFO] 03-07-2023 21:29:27 [main] [LogUtils] - Start auto test
[INFO] 03-07-2023 21:29:30 [main] [LogUtils] - Open URL: https://admin-demo.nopcommerce.com/login
[ERROR] 03-07-2023 21:29:40 [main] [LogUtils] - This test case failed: TC_001
[INFO] 03-07-2023 21:29:43 [main] [LogUtils] - End testing Task7
[INFO] 03-07-2023 21:30:15 [main] [LogUtils] - Start auto test
[INFO] 03-07-2023 21:30:18 [main] [LogUtils] - Open URL: https://admin-demo.nopcommerce.com/login
[ERROR] 03-07-2023 21:30:29 [main] [LogUtils] - This test case failed: TC_001
[INFO] 03-07-2023 21:30:33 [main] [LogUtils] - End testing Task7
