[INFO] 26-06-2023 22:01:07 [main] [LogUtils] - Start auto test
[INFO] 26-06-2023 22:01:15 [main] [LogUtils] - Open URL: https://sma.tecdiary.net/admin/login
[INFO] 26-06-2023 22:01:15 [main] [LogUtils] - This test case succeed: TC_01
[INFO] 26-06-2023 22:01:19 [main] [LogUtils] - End testing Task4
[INFO] 01-07-2023 19:50:46 [main] [LogUtils] - Start auto test
[INFO] 01-07-2023 19:50:52 [main] [LogUtils] - Open URL: https://admin-demo.nopcommerce.com/login
[INFO] 01-07-2023 19:50:55 [main] [LogUtils] - This test case succeed: TC_01
[INFO] 01-07-2023 19:50:59 [main] [LogUtils] - End testing Task7
[INFO] 01-07-2023 20:04:28 [main] [LogUtils] - Start auto test
[INFO] 01-07-2023 20:04:31 [main] [LogUtils] - Open URL: https://admin-demo.nopcommerce.com/login
[ERROR] 01-07-2023 20:04:36 [main] [LogUtils] - This test case failed: TC_01
[INFO] 01-07-2023 20:04:40 [main] [LogUtils] - End testing Task7
[INFO] 01-07-2023 20:06:14 [main] [LogUtils] - Start auto test
[INFO] 01-07-2023 20:06:17 [main] [LogUtils] - Open URL: https://admin-demo.nopcommerce.com/login
[INFO] 01-07-2023 20:06:25 [main] [LogUtils] - This test case succeed: TC_01
[INFO] 01-07-2023 20:06:28 [main] [LogUtils] - End testing Task7
[INFO] 01-07-2023 20:06:38 [main] [LogUtils] - Start auto test
[INFO] 01-07-2023 20:06:41 [main] [LogUtils] - Open URL: https://admin-demo.nopcommerce.com/login
[INFO] 01-07-2023 20:06:49 [main] [LogUtils] - This test case succeed: TC_01
[INFO] 01-07-2023 20:06:53 [main] [LogUtils] - End testing Task7
[INFO] 01-07-2023 20:28:12 [main] [LogUtils] - Start auto test
[INFO] 01-07-2023 20:28:17 [main] [LogUtils] - Open URL: https://admin-demo.nopcommerce.com/login
[INFO] 01-07-2023 20:28:26 [main] [LogUtils] - This test case succeed: TC_01
[INFO] 01-07-2023 20:28:30 [main] [LogUtils] - End testing Task7
[INFO] 01-07-2023 20:28:49 [main] [LogUtils] - Start auto test
[INFO] 01-07-2023 20:28:53 [main] [LogUtils] - Open URL: https://admin-demo.nopcommerce.com/login
[INFO] 01-07-2023 20:29:06 [main] [LogUtils] - This test case succeed: TC_01
[INFO] 01-07-2023 20:29:10 [main] [LogUtils] - End testing Task7
[INFO] 01-07-2023 20:29:17 [main] [LogUtils] - Start auto test
[INFO] 01-07-2023 20:29:21 [main] [LogUtils] - Open URL: https://admin-demo.nopcommerce.com/login
[INFO] 01-07-2023 20:29:34 [main] [LogUtils] - This test case succeed: TC_01
[INFO] 01-07-2023 20:29:38 [main] [LogUtils] - End testing Task7
[INFO] 01-07-2023 20:53:09 [main] [LogUtils] - Start auto test
[INFO] 01-07-2023 20:53:14 [main] [LogUtils] - Open URL: https://admin-demo.nopcommerce.com/login
[ERROR] 01-07-2023 20:53:23 [main] [LogUtils] - This test case failed: TC_01
[INFO] 01-07-2023 20:53:27 [main] [LogUtils] - End testing Task7
[INFO] 01-07-2023 20:54:14 [main] [LogUtils] - Start auto test
[INFO] 01-07-2023 20:54:18 [main] [LogUtils] - Open URL: https://admin-demo.nopcommerce.com/login
[INFO] 01-07-2023 20:54:28 [main] [LogUtils] - This test case succeed: TC_01
[INFO] 01-07-2023 20:54:32 [main] [LogUtils] - End testing Task7
[INFO] 01-07-2023 20:57:03 [main] [LogUtils] - Start auto test
[INFO] 01-07-2023 20:57:06 [main] [LogUtils] - Open URL: https://admin-demo.nopcommerce.com/login
[INFO] 01-07-2023 20:57:15 [main] [LogUtils] - This test case succeed: TC_002
[INFO] 01-07-2023 20:57:19 [main] [LogUtils] - End testing Task7
[INFO] 01-07-2023 20:58:27 [main] [LogUtils] - Start auto test
[INFO] 01-07-2023 20:58:30 [main] [LogUtils] - Open URL: https://admin-demo.nopcommerce.com/login
[ERROR] 01-07-2023 20:58:38 [main] [LogUtils] - This test case failed: TC_003
[INFO] 01-07-2023 20:58:42 [main] [LogUtils] - End testing Task7
[INFO] 01-07-2023 21:04:11 [main] [LogUtils] - Start auto test
[INFO] 01-07-2023 21:04:14 [main] [LogUtils] - Open URL: https://admin-demo.nopcommerce.com/login
[ERROR] 01-07-2023 21:04:22 [main] [LogUtils] - This test case failed: TC_003
[INFO] 01-07-2023 21:04:27 [main] [LogUtils] - End testing Task7
[INFO] 01-07-2023 21:04:54 [main] [LogUtils] - Start auto test
[INFO] 01-07-2023 21:04:59 [main] [LogUtils] - Open URL: https://admin-demo.nopcommerce.com/login
[ERROR] 01-07-2023 21:05:07 [main] [LogUtils] - This test case failed: TC_003
[INFO] 01-07-2023 21:05:12 [main] [LogUtils] - End testing Task7
[INFO] 01-07-2023 21:05:36 [main] [LogUtils] - Start auto test
[INFO] 01-07-2023 21:05:39 [main] [LogUtils] - Open URL: https://admin-demo.nopcommerce.com/login
[INFO] 01-07-2023 21:05:48 [main] [LogUtils] - This test case succeed: TC_003
[INFO] 01-07-2023 21:05:52 [main] [LogUtils] - End testing Task7
[INFO] 01-07-2023 21:07:24 [main] [LogUtils] - Start auto test
[INFO] 01-07-2023 21:07:28 [main] [LogUtils] - Open URL: https://admin-demo.nopcommerce.com/login
[ERROR] 01-07-2023 21:07:35 [main] [LogUtils] - This test case failed: TC_004
[INFO] 01-07-2023 21:07:39 [main] [LogUtils] - End testing Task7
[INFO] 01-07-2023 21:09:38 [main] [LogUtils] - Start auto test
[INFO] 01-07-2023 21:09:42 [main] [LogUtils] - Open URL: https://admin-demo.nopcommerce.com/login
[ERROR] 01-07-2023 21:09:51 [main] [LogUtils] - This test case failed: TC_004
[INFO] 01-07-2023 21:09:55 [main] [LogUtils] - End testing Task7
[INFO] 01-07-2023 21:12:29 [main] [LogUtils] - Start auto test
[INFO] 01-07-2023 21:12:33 [main] [LogUtils] - Open URL: https://admin-demo.nopcommerce.com/login
[INFO] 01-07-2023 21:12:41 [main] [LogUtils] - This test case succeed: TC_005
[INFO] 01-07-2023 21:12:45 [main] [LogUtils] - End testing Task7
[INFO] 01-07-2023 21:13:31 [main] [LogUtils] - Start auto test
[INFO] 01-07-2023 21:13:35 [main] [LogUtils] - Open URL: https://admin-demo.nopcommerce.com/login
[INFO] 01-07-2023 21:13:45 [main] [LogUtils] - This test case succeed: TC_006
[INFO] 01-07-2023 21:13:49 [main] [LogUtils] - End testing Task7
[INFO] 01-07-2023 21:17:55 [main] [LogUtils] - Start auto test
[INFO] 01-07-2023 21:17:58 [main] [LogUtils] - Open URL: https://admin-demo.nopcommerce.com/login
[ERROR] 01-07-2023 21:18:07 [main] [LogUtils] - This test case failed: TC_007
[INFO] 01-07-2023 21:18:11 [main] [LogUtils] - End testing Task7
[INFO] 01-07-2023 21:20:11 [main] [LogUtils] - Start auto test
[INFO] 01-07-2023 21:20:16 [main] [LogUtils] - Open URL: https://admin-demo.nopcommerce.com/login
[INFO] 01-07-2023 21:20:25 [main] [LogUtils] - This test case succeed: TC_008
[INFO] 01-07-2023 21:20:30 [main] [LogUtils] - End testing Task7
[INFO] 01-07-2023 21:23:07 [main] [LogUtils] - Start auto test
[INFO] 01-07-2023 21:23:10 [main] [LogUtils] - Open URL: https://admin-demo.nopcommerce.com/login
[ERROR] 01-07-2023 21:23:19 [main] [LogUtils] - This test case failed: TC_009
[INFO] 01-07-2023 21:23:23 [main] [LogUtils] - End testing Task7
[INFO] 01-07-2023 21:24:58 [main] [LogUtils] - Start auto test
[INFO] 01-07-2023 21:25:01 [main] [LogUtils] - Open URL: https://admin-demo.nopcommerce.com/login
[INFO] 01-07-2023 21:25:09 [main] [LogUtils] - This test case succeed: TC_010
[INFO] 01-07-2023 21:25:13 [main] [LogUtils] - End testing Task7
[INFO] 01-07-2023 21:27:28 [main] [LogUtils] - Start auto test
[INFO] 01-07-2023 21:27:32 [main] [LogUtils] - Open URL: https://admin-demo.nopcommerce.com/login
[INFO] 01-07-2023 21:27:40 [main] [LogUtils] - This test case succeed: TC_011
[INFO] 01-07-2023 21:27:45 [main] [LogUtils] - End testing Task7
[INFO] 01-07-2023 21:33:07 [main] [LogUtils] - Start auto test
[INFO] 01-07-2023 21:33:10 [main] [LogUtils] - Open URL: https://admin-demo.nopcommerce.com/login
[ERROR] 01-07-2023 21:33:19 [main] [LogUtils] - This test case failed: TC_012
[INFO] 01-07-2023 21:33:24 [main] [LogUtils] - End testing Task7
[INFO] 01-07-2023 21:35:53 [main] [LogUtils] - Start auto test
[INFO] 01-07-2023 21:35:56 [main] [LogUtils] - Open URL: https://admin-demo.nopcommerce.com/login
[ERROR] 01-07-2023 21:36:05 [main] [LogUtils] - This test case failed: TC_012
[INFO] 01-07-2023 21:36:09 [main] [LogUtils] - End testing Task7
[INFO] 01-07-2023 21:40:49 [main] [LogUtils] - Start auto test
[INFO] 01-07-2023 21:40:53 [main] [LogUtils] - Open URL: https://admin-demo.nopcommerce.com/login
[INFO] 01-07-2023 21:41:02 [main] [LogUtils] - This test case succeed: TC_012
[INFO] 01-07-2023 21:41:05 [main] [LogUtils] - End testing Task7
[INFO] 01-07-2023 21:51:50 [main] [LogUtils] - Start auto test
[INFO] 01-07-2023 21:51:53 [main] [LogUtils] - Open URL: https://admin-demo.nopcommerce.com/login
[ERROR] 01-07-2023 21:52:03 [main] [LogUtils] - This test case failed: TC_013
[INFO] 01-07-2023 21:52:07 [main] [LogUtils] - End testing Task7
[INFO] 01-07-2023 21:54:09 [main] [LogUtils] - Start auto test
[INFO] 01-07-2023 21:54:13 [main] [LogUtils] - Open URL: https://admin-demo.nopcommerce.com/login
[INFO] 01-07-2023 21:54:23 [main] [LogUtils] - This test case succeed: TC_013
[INFO] 01-07-2023 21:54:27 [main] [LogUtils] - End testing Task7
[INFO] 01-07-2023 21:56:58 [main] [LogUtils] - Start auto test
[INFO] 01-07-2023 21:57:01 [main] [LogUtils] - Open URL: https://admin-demo.nopcommerce.com/login
[INFO] 01-07-2023 21:57:10 [main] [LogUtils] - This test case succeed: TC_013
[INFO] 01-07-2023 21:57:14 [main] [LogUtils] - End testing Task7
[INFO] 01-07-2023 21:57:41 [main] [LogUtils] - Start auto test
[INFO] 01-07-2023 21:57:46 [main] [LogUtils] - Open URL: https://admin-demo.nopcommerce.com/login
[ERROR] 01-07-2023 21:57:54 [main] [LogUtils] - This test case failed: TC_014
[INFO] 01-07-2023 21:57:59 [main] [LogUtils] - End testing Task7
[INFO] 01-07-2023 21:58:36 [main] [LogUtils] - Start auto test
[INFO] 01-07-2023 21:58:40 [main] [LogUtils] - Open URL: https://admin-demo.nopcommerce.com/login
[ERROR] 01-07-2023 21:58:49 [main] [LogUtils] - This test case failed: TC_014
[INFO] 01-07-2023 21:58:53 [main] [LogUtils] - End testing Task7
[INFO] 01-07-2023 22:03:31 [main] [LogUtils] - Start auto test
[INFO] 01-07-2023 22:03:35 [main] [LogUtils] - Open URL: https://admin-demo.nopcommerce.com/login
[INFO] 01-07-2023 22:03:44 [main] [LogUtils] - This test case succeed: TC_014
[INFO] 01-07-2023 22:03:47 [main] [LogUtils] - End testing Task7
