[INFO] 02-07-2023 19:09:19 [main] [LogUtils] - Start auto test
[INFO] 02-07-2023 19:09:27 [main] [LogUtils] - Open URL: https://admin-demo.nopcommerce.com/login
[ERROR] 02-07-2023 19:09:34 [main] [LogUtils] - This test case failed: TC_001
[INFO] 02-07-2023 19:09:38 [main] [LogUtils] - End testing Task7
[INFO] 02-07-2023 19:10:00 [main] [LogUtils] - Start auto test
[INFO] 02-07-2023 19:10:06 [main] [LogUtils] - Open URL: https://admin-demo.nopcommerce.com/login
[ERROR] 02-07-2023 19:10:15 [main] [LogUtils] - This test case failed: TC_015
[INFO] 02-07-2023 19:10:19 [main] [LogUtils] - End testing Task7
[INFO] 02-07-2023 19:13:04 [main] [LogUtils] - Start auto test
[INFO] 02-07-2023 19:13:10 [main] [LogUtils] - Open URL: https://admin-demo.nopcommerce.com/login
[ERROR] 02-07-2023 19:13:19 [main] [LogUtils] - This test case failed: TC_015
[INFO] 02-07-2023 19:13:23 [main] [LogUtils] - End testing Task7
[INFO] 02-07-2023 19:17:54 [main] [LogUtils] - Start auto test
[INFO] 02-07-2023 19:17:59 [main] [LogUtils] - Open URL: https://admin-demo.nopcommerce.com/login
[ERROR] 02-07-2023 19:18:08 [main] [LogUtils] - This test case failed: TC_015
[INFO] 02-07-2023 19:18:12 [main] [LogUtils] - End testing Task7
[INFO] 02-07-2023 19:18:44 [main] [LogUtils] - Start auto test
[INFO] 02-07-2023 19:18:49 [main] [LogUtils] - Open URL: https://admin-demo.nopcommerce.com/login
[INFO] 02-07-2023 19:18:58 [main] [LogUtils] - This test case succeed: TC_015
[INFO] 02-07-2023 19:19:02 [main] [LogUtils] - End testing Task7
[INFO] 02-07-2023 19:37:21 [main] [LogUtils] - Start auto test
[INFO] 02-07-2023 19:37:27 [main] [LogUtils] - Open URL: https://admin-demo.nopcommerce.com/login
[INFO] 02-07-2023 19:37:34 [main] [LogUtils] - This test case succeed: TC_016
[INFO] 02-07-2023 19:37:38 [main] [LogUtils] - End testing Task7
[INFO] 02-07-2023 19:48:53 [main] [LogUtils] - Start auto test
[INFO] 02-07-2023 19:48:59 [main] [LogUtils] - Open URL: https://admin-demo.nopcommerce.com/login
[INFO] 02-07-2023 19:49:07 [main] [LogUtils] - This test case succeed: TC_017
[INFO] 02-07-2023 19:49:11 [main] [LogUtils] - End testing Task7
[INFO] 02-07-2023 19:50:58 [main] [LogUtils] - Start auto test
[INFO] 02-07-2023 19:51:04 [main] [LogUtils] - Open URL: https://admin-demo.nopcommerce.com/login
[INFO] 02-07-2023 19:51:13 [main] [LogUtils] - This test case succeed: TC_017
[INFO] 02-07-2023 19:51:17 [main] [LogUtils] - End testing Task7
[INFO] 02-07-2023 20:06:43 [main] [LogUtils] - Start auto test
[INFO] 02-07-2023 20:06:49 [main] [LogUtils] - Open URL: https://admin-demo.nopcommerce.com/login
[ERROR] 02-07-2023 20:06:56 [main] [LogUtils] - This test case failed: TC_018
[INFO] 02-07-2023 20:07:00 [main] [LogUtils] - End testing Task7
[INFO] 02-07-2023 20:07:41 [main] [LogUtils] - Start auto test
[INFO] 02-07-2023 20:07:48 [main] [LogUtils] - Open URL: https://admin-demo.nopcommerce.com/login
[INFO] 02-07-2023 20:07:55 [main] [LogUtils] - This test case succeed: TC_018
[INFO] 02-07-2023 20:07:59 [main] [LogUtils] - End testing Task7
[INFO] 02-07-2023 20:08:21 [main] [LogUtils] - Start auto test
[INFO] 02-07-2023 20:08:27 [main] [LogUtils] - Open URL: https://admin-demo.nopcommerce.com/login
[ERROR] 02-07-2023 20:08:34 [main] [LogUtils] - This test case failed: TC_018
[INFO] 02-07-2023 20:08:37 [main] [LogUtils] - End testing Task7
[INFO] 02-07-2023 20:41:02 [main] [LogUtils] - Start auto test
[INFO] 02-07-2023 20:41:10 [main] [LogUtils] - Open URL: https://admin-demo.nopcommerce.com/login
[INFO] 02-07-2023 20:41:23 [main] [LogUtils] - This test case succeed: TC_019
[INFO] 02-07-2023 20:41:27 [main] [LogUtils] - End testing Task7
[INFO] 02-07-2023 20:42:23 [main] [LogUtils] - Start auto test
[INFO] 02-07-2023 20:42:29 [main] [LogUtils] - Open URL: https://admin-demo.nopcommerce.com/login
[INFO] 02-07-2023 20:42:38 [main] [LogUtils] - This test case succeed: TC_020
[INFO] 02-07-2023 20:42:42 [main] [LogUtils] - End testing Task7
[INFO] 02-07-2023 20:52:05 [main] [LogUtils] - Start auto test
[INFO] 02-07-2023 20:52:14 [main] [LogUtils] - Open URL: https://admin-demo.nopcommerce.com/login
[INFO] 02-07-2023 20:54:37 [main] [LogUtils] - Start auto test
[INFO] 02-07-2023 20:54:43 [main] [LogUtils] - Open URL: https://admin-demo.nopcommerce.com/login
[INFO] 02-07-2023 20:54:57 [main] [LogUtils] - This test case succeed: TC_021
[INFO] 02-07-2023 20:55:01 [main] [LogUtils] - End testing Task7
[INFO] 02-07-2023 21:03:55 [main] [LogUtils] - Start auto test
[INFO] 02-07-2023 21:04:13 [main] [LogUtils] - Open URL: https://admin-demo.nopcommerce.com/login
[INFO] 02-07-2023 21:05:13 [main] [LogUtils] - Start auto test
[INFO] 02-07-2023 21:05:19 [main] [LogUtils] - Open URL: https://admin-demo.nopcommerce.com/login
[ERROR] 02-07-2023 21:05:37 [main] [LogUtils] - This test case failed: TC_022
[INFO] 02-07-2023 21:05:40 [main] [LogUtils] - End testing Task7
[INFO] 02-07-2023 21:10:32 [main] [LogUtils] - Start auto test
[INFO] 02-07-2023 21:10:39 [main] [LogUtils] - Open URL: https://admin-demo.nopcommerce.com/login
[ERROR] 02-07-2023 21:10:58 [main] [LogUtils] - This test case failed: TC_022
[INFO] 02-07-2023 21:11:02 [main] [LogUtils] - End testing Task7
[INFO] 02-07-2023 21:11:50 [main] [LogUtils] - Start auto test
[INFO] 02-07-2023 21:11:57 [main] [LogUtils] - Open URL: https://admin-demo.nopcommerce.com/login
[ERROR] 02-07-2023 21:12:09 [main] [LogUtils] - This test case failed: TC_022
[INFO] 02-07-2023 21:12:13 [main] [LogUtils] - End testing Task7
[INFO] 02-07-2023 21:12:25 [main] [LogUtils] - Start auto test
[INFO] 02-07-2023 21:12:32 [main] [LogUtils] - Open URL: https://admin-demo.nopcommerce.com/login
[ERROR] 02-07-2023 21:13:20 [main] [LogUtils] - This test case failed: TC_022
[INFO] 02-07-2023 21:13:23 [main] [LogUtils] - End testing Task7
[INFO] 02-07-2023 21:14:45 [main] [LogUtils] - Start auto test
[INFO] 02-07-2023 21:14:54 [main] [LogUtils] - Open URL: https://admin-demo.nopcommerce.com/login
[INFO] 02-07-2023 21:17:46 [main] [LogUtils] - Start auto test
[INFO] 02-07-2023 21:17:52 [main] [LogUtils] - Open URL: https://admin-demo.nopcommerce.com/login
[INFO] 02-07-2023 21:18:17 [main] [LogUtils] - This test case succeed: TC_022
[INFO] 02-07-2023 21:18:21 [main] [LogUtils] - End testing Task7
[INFO] 02-07-2023 21:23:28 [main] [LogUtils] - Start auto test
[INFO] 02-07-2023 21:23:35 [main] [LogUtils] - Open URL: https://admin-demo.nopcommerce.com/login
[ERROR] 02-07-2023 21:23:45 [main] [LogUtils] - This test case failed: TC_022
[INFO] 02-07-2023 21:23:49 [main] [LogUtils] - End testing Task7
[INFO] 02-07-2023 21:25:45 [main] [LogUtils] - Start auto test
[INFO] 02-07-2023 21:25:52 [main] [LogUtils] - Open URL: https://admin-demo.nopcommerce.com/login
[ERROR] 02-07-2023 21:26:12 [main] [LogUtils] - This test case failed: TC_022
[INFO] 02-07-2023 21:26:16 [main] [LogUtils] - End testing Task7
[INFO] 02-07-2023 21:26:36 [main] [LogUtils] - Start auto test
[INFO] 02-07-2023 21:26:43 [main] [LogUtils] - Open URL: https://admin-demo.nopcommerce.com/login
[ERROR] 02-07-2023 21:27:09 [main] [LogUtils] - This test case failed: TC_022
[INFO] 02-07-2023 21:27:13 [main] [LogUtils] - End testing Task7
[INFO] 02-07-2023 21:28:05 [main] [LogUtils] - Start auto test
[INFO] 02-07-2023 21:28:11 [main] [LogUtils] - Open URL: https://admin-demo.nopcommerce.com/login
[INFO] 02-07-2023 21:28:31 [main] [LogUtils] - This test case succeed: TC_022
[INFO] 02-07-2023 21:28:35 [main] [LogUtils] - End testing Task7
[INFO] 02-07-2023 21:30:29 [main] [LogUtils] - Start auto test
[INFO] 02-07-2023 21:30:37 [main] [LogUtils] - Open URL: https://admin-demo.nopcommerce.com/login
[INFO] 02-07-2023 21:31:28 [main] [LogUtils] - Start auto test
[INFO] 02-07-2023 21:31:50 [main] [LogUtils] - Open URL: https://admin-demo.nopcommerce.com/login
[INFO] 02-07-2023 21:33:58 [main] [LogUtils] - Start auto test
[INFO] 02-07-2023 21:34:06 [main] [LogUtils] - Open URL: https://admin-demo.nopcommerce.com/login
[ERROR] 02-07-2023 21:34:25 [main] [LogUtils] - This test case failed: TC_022
[INFO] 02-07-2023 21:34:29 [main] [LogUtils] - End testing Task7
[INFO] 02-07-2023 21:35:17 [main] [LogUtils] - Start auto test
[INFO] 02-07-2023 21:35:24 [main] [LogUtils] - Open URL: https://admin-demo.nopcommerce.com/login
[ERROR] 02-07-2023 21:35:51 [main] [LogUtils] - This test case failed: TC_022
[INFO] 02-07-2023 21:35:55 [main] [LogUtils] - End testing Task7
[INFO] 02-07-2023 21:42:22 [main] [LogUtils] - Start auto test
[INFO] 02-07-2023 21:42:29 [main] [LogUtils] - Open URL: https://admin-demo.nopcommerce.com/login
[ERROR] 02-07-2023 21:42:51 [main] [LogUtils] - This test case failed: TC_022
[INFO] 02-07-2023 21:42:55 [main] [LogUtils] - End testing Task7
[INFO] 02-07-2023 21:44:25 [main] [LogUtils] - Start auto test
[INFO] 02-07-2023 21:44:31 [main] [LogUtils] - Open URL: https://admin-demo.nopcommerce.com/login
[INFO] 02-07-2023 21:44:51 [main] [LogUtils] - This test case succeed: TC_022
[INFO] 02-07-2023 21:44:54 [main] [LogUtils] - End testing Task7
[INFO] 02-07-2023 21:59:13 [main] [LogUtils] - Start auto test
[INFO] 02-07-2023 21:59:19 [main] [LogUtils] - Open URL: https://admin-demo.nopcommerce.com/login
[INFO] 02-07-2023 21:59:26 [main] [LogUtils] - This test case succeed: TC_023
[INFO] 02-07-2023 21:59:30 [main] [LogUtils] - End testing Task7
